This file contains any messages produced by compilers while
running configure, to aid debugging if configure makes a mistake.

It was created by wolfssl configure 3.10.0, which was
generated by GNU Autoconf 2.69.  Invocation command line was

  $ ./configure --host=arm-rorschack-linux-musleabi --enable-static --enable-singlethreaded --enable-openssh --disable-shared C_EXTRA_FLAGS=-DWOLFSSL_STATIC_RSA

## --------- ##
## Platform. ##
## --------- ##

hostname = YDS-notebook
uname -m = x86_64
uname -r = 4.8.13-1-ARCH
uname -s = Linux
uname -v = #1 SMP PREEMPT Fri Dec 9 07:24:34 CET 2016

/usr/bin/uname -p = unknown
/bin/uname -X     = unknown

/bin/arch              = unknown
/usr/bin/arch -k       = unknown
/usr/convex/getsysinfo = unknown
/usr/bin/hostinfo      = unknown
/bin/machine           = unknown
/usr/bin/oslevel       = unknown
/bin/universe          = unknown

PATH: /home/rorschack/Toolchains/arm-musl/bin
PATH: /usr/local/sbin
PATH: /usr/local/bin
PATH: /usr/bin
PATH: /usr/lib/jvm/default/bin
PATH: /usr/bin/site_perl
PATH: /usr/bin/vendor_perl
PATH: /usr/bin/core_perl
PATH: /home/rorschack/bin
PATH: /home/rorschack/opt/android-sdk-linux/tools
PATH: /home/rorschack/opt/android-sdk-linux/platform-tools


## ----------- ##
## Core tests. ##
## ----------- ##

configure:3134: checking build system type
configure:3148: result: x86_64-unknown-linux-gnu
configure:3168: checking host system type
configure:3181: result: arm-rorschack-linux-musleabi
configure:3219: checking for a BSD-compatible install
configure:3287: result: /usr/bin/install -c
configure:3298: checking whether build environment is sane
configure:3353: result: yes
configure:3412: checking for arm-rorschack-linux-musleabi-strip
configure:3428: found /home/rorschack/Toolchains/arm-musl/bin/arm-rorschack-linux-musleabi-strip
configure:3439: result: arm-rorschack-linux-musleabi-strip
configure:3504: checking for a thread-safe mkdir -p
configure:3543: result: /usr/bin/mkdir -p
configure:3550: checking for gawk
configure:3566: found /usr/bin/gawk
configure:3577: result: gawk
configure:3588: checking whether make sets $(MAKE)
configure:3610: result: yes
configure:3639: checking whether make supports nested variables
configure:3656: result: yes
configure:3736: checking whether UID '1000' is supported by ustar format
configure:3739: result: yes
configure:3746: checking whether GID '1000' is supported by ustar format
configure:3749: result: yes
configure:3757: checking how to create a ustar tar archive
configure:3768: tar --version
tar (GNU tar) 1.29
Copyright (C) 2015 Free Software Foundation, Inc.
License GPLv3+: GNU GPL version 3 or later <http://gnu.org/licenses/gpl.html>.
This is free software: you are free to change and redistribute it.
There is NO WARRANTY, to the extent permitted by law.

Written by John Gilmore and Jay Fenlason.
configure:3771: $? = 0
configure:3811: tardir=conftest.dir && eval tar --format=ustar -chf - "$tardir" >conftest.tar
configure:3814: $? = 0
configure:3818: tar -xf - <conftest.tar
configure:3821: $? = 0
configure:3823: cat conftest.dir/file
GrepMe
configure:3826: $? = 0
configure:3839: result: gnutar
configure:3966: checking how to print strings
configure:3993: result: printf
configure:4026: checking for style of include used by make
configure:4054: result: GNU
configure:4085: checking for arm-rorschack-linux-musleabi-gcc
configure:4112: result: arm-rorschack-linux-musleabi-cc
configure:4381: checking for C compiler version
configure:4390: arm-rorschack-linux-musleabi-cc --version >&5
arm-rorschack-linux-musleabi-cc (Buildroot 2017.02-git-00628-g67f23a77c) 6.3.0
Copyright (C) 2016 Free Software Foundation, Inc.
This is free software; see the source for copying conditions.  There is NO
warranty; not even for MERCHANTABILITY or FITNESS FOR A PARTICULAR PURPOSE.

configure:4401: $? = 0
configure:4390: arm-rorschack-linux-musleabi-cc -v >&5
Using built-in specs.
COLLECT_GCC=arm-rorschack-linux-musleabi-cc
COLLECT_LTO_WRAPPER=/home/rorschack/Toolchains/arm-musl/bin/../libexec/gcc/arm-rorschack-linux-musleabi/6.3.0/lto-wrapper
Target: arm-rorschack-linux-musleabi
Configured with: ./configure --prefix=/home/rorschack/Workspace/buildroot/output/host/usr --sysconfdir=/home/rorschack/Workspace/buildroot/output/host/etc --enable-static --target=arm-rorschack-linux-musleabi --with-sysroot=/home/rorschack/Workspace/buildroot/output/host/usr/arm-rorschack-linux-musleabi/sysroot --disable-__cxa_atexit --with-gnu-ld --disable-libssp --disable-multilib --with-gmp=/home/rorschack/Workspace/buildroot/output/host/usr --with-mpc=/home/rorschack/Workspace/buildroot/output/host/usr --with-mpfr=/home/rorschack/Workspace/buildroot/output/host/usr --with-pkgversion='Buildroot 2017.02-git-00628-g67f23a77c' --with-bugurl=http://bugs.buildroot.net/ --disable-libmpx --disable-libquadmath --disable-libsanitizer --enable-tls --enable-plugins --enable-lto --disable-libmudflap --enable-threads --with-isl=/home/rorschack/Workspace/buildroot/output/host/usr --with-float=soft --disable-decimal-float --with-abi=aapcs-linux --with-cpu=arm926ej-s --with-float=soft --with-mode=arm --enable-languages=c,c++,fortran --with-build-time-tools=/home/rorschack/Workspace/buildroot/output/host/usr/arm-rorschack-linux-musleabi/bin --enable-shared --enable-libgomp
Thread model: posix
gcc version 6.3.0 (Buildroot 2017.02-git-00628-g67f23a77c) 
configure:4401: $? = 0
configure:4390: arm-rorschack-linux-musleabi-cc -V >&5
arm-rorschack-linux-musleabi-cc: error: unrecognized command line option '-V'
arm-rorschack-linux-musleabi-cc: fatal error: no input files
compilation terminated.
configure:4401: $? = 1
configure:4390: arm-rorschack-linux-musleabi-cc -qversion >&5
arm-rorschack-linux-musleabi-cc: error: unrecognized command line option '-qversion'; did you mean '--version'?
arm-rorschack-linux-musleabi-cc: fatal error: no input files
compilation terminated.
configure:4401: $? = 1
configure:4421: checking whether the C compiler works
configure:4443: arm-rorschack-linux-musleabi-cc -Os -static -fomit-frame-pointer -falign-functions=1 	-falign-labels=1 -falign-loops=1 -falign-jumps=1 -ffunction-sections -fdata-sections   conftest.c  >&5
configure:4447: $? = 0
configure:4495: result: yes
configure:4498: checking for C compiler default output file name
configure:4500: result: a.out
configure:4506: checking for suffix of executables
configure:4513: arm-rorschack-linux-musleabi-cc -o conftest -Os -static -fomit-frame-pointer -falign-functions=1 	-falign-labels=1 -falign-loops=1 -falign-jumps=1 -ffunction-sections -fdata-sections   conftest.c  >&5
configure:4517: $? = 0
configure:4539: result: 
configure:4561: checking whether we are cross compiling
configure:4569: arm-rorschack-linux-musleabi-cc -o conftest -Os -static -fomit-frame-pointer -falign-functions=1 	-falign-labels=1 -falign-loops=1 -falign-jumps=1 -ffunction-sections -fdata-sections   conftest.c  >&5
configure:4573: $? = 0
configure:4580: ./conftest
./configure: line 4582: ./conftest: cannot execute binary file: Exec format error
configure:4584: $? = 126
configure:4599: result: yes
configure:4604: checking for suffix of object files
configure:4626: arm-rorschack-linux-musleabi-cc -c -Os -static -fomit-frame-pointer -falign-functions=1 	-falign-labels=1 -falign-loops=1 -falign-jumps=1 -ffunction-sections -fdata-sections  conftest.c >&5
configure:4630: $? = 0
configure:4651: result: o
configure:4655: checking whether we are using the GNU C compiler
configure:4674: arm-rorschack-linux-musleabi-cc -c -Os -static -fomit-frame-pointer -falign-functions=1 	-falign-labels=1 -falign-loops=1 -falign-jumps=1 -ffunction-sections -fdata-sections  conftest.c >&5
configure:4674: $? = 0
configure:4683: result: yes
configure:4692: checking whether arm-rorschack-linux-musleabi-cc accepts -g
configure:4712: arm-rorschack-linux-musleabi-cc -c -g  conftest.c >&5
configure:4712: $? = 0
configure:4753: result: yes
configure:4770: checking for arm-rorschack-linux-musleabi-cc option to accept ISO C89
configure:4833: arm-rorschack-linux-musleabi-cc  -c -Os -static -fomit-frame-pointer -falign-functions=1 	-falign-labels=1 -falign-loops=1 -falign-jumps=1 -ffunction-sections -fdata-sections  conftest.c >&5
configure:4833: $? = 0
configure:4846: result: none needed
configure:4871: checking whether arm-rorschack-linux-musleabi-cc understands -c and -o together
configure:4893: arm-rorschack-linux-musleabi-cc -c conftest.c -o conftest2.o
configure:4896: $? = 0
configure:4893: arm-rorschack-linux-musleabi-cc -c conftest.c -o conftest2.o
configure:4896: $? = 0
configure:4908: result: yes
configure:4927: checking dependency style of arm-rorschack-linux-musleabi-cc
configure:5038: result: gcc3
configure:5053: checking for a sed that does not truncate output
configure:5117: result: /usr/bin/sed
configure:5135: checking for grep that handles long lines and -e
configure:5193: result: /usr/bin/grep
configure:5198: checking for egrep
configure:5260: result: /usr/bin/grep -E
configure:5265: checking for fgrep
configure:5327: result: /usr/bin/grep -F
configure:5362: checking for ld used by arm-rorschack-linux-musleabi-cc
configure:5429: result: /home/rorschack/Toolchains/arm-musl/arm-rorschack-linux-musleabi/bin/ld
configure:5436: checking if the linker (/home/rorschack/Toolchains/arm-musl/arm-rorschack-linux-musleabi/bin/ld) is GNU ld
configure:5451: result: yes
configure:5463: checking for BSD- or MS-compatible name lister (nm)
configure:5517: result: /home/rorschack/Toolchains/arm-musl/bin/arm-rorschack-linux-musleabi-nm -B
configure:5647: checking the name lister (/home/rorschack/Toolchains/arm-musl/bin/arm-rorschack-linux-musleabi-nm -B) interface
configure:5654: arm-rorschack-linux-musleabi-cc -c -Os -static -fomit-frame-pointer -falign-functions=1 	-falign-labels=1 -falign-loops=1 -falign-jumps=1 -ffunction-sections -fdata-sections  conftest.c >&5
configure:5657: /home/rorschack/Toolchains/arm-musl/bin/arm-rorschack-linux-musleabi-nm -B "conftest.o"
configure:5660: output
00000000 B some_variable
configure:5667: result: BSD nm
configure:5670: checking whether ln -s works
configure:5674: result: yes
configure:5682: checking the maximum length of command line arguments
configure:5813: result: 1572864
configure:5861: checking how to convert x86_64-unknown-linux-gnu file names to arm-rorschack-linux-musleabi format
configure:5901: result: func_convert_file_noop
configure:5908: checking how to convert x86_64-unknown-linux-gnu file names to toolchain format
configure:5928: result: func_convert_file_noop
configure:5935: checking for /home/rorschack/Toolchains/arm-musl/arm-rorschack-linux-musleabi/bin/ld option to reload object files
configure:5942: result: -r
configure:5976: checking for arm-rorschack-linux-musleabi-objdump
configure:5992: found /home/rorschack/Toolchains/arm-musl/bin/arm-rorschack-linux-musleabi-objdump
configure:6003: result: arm-rorschack-linux-musleabi-objdump
configure:6075: checking how to recognize dependent libraries
configure:6275: result: pass_all
configure:6320: checking for arm-rorschack-linux-musleabi-dlltool
configure:6350: result: no
configure:6360: checking for dlltool
configure:6390: result: no
configure:6420: checking how to associate runtime and link libraries
configure:6447: result: printf %s\n
configure:6464: checking for arm-rorschack-linux-musleabi-ar
configure:6480: found /home/rorschack/Toolchains/arm-musl/bin/arm-rorschack-linux-musleabi-ar
configure:6491: result: arm-rorschack-linux-musleabi-ar
configure:6572: checking for archiver @FILE support
configure:6589: arm-rorschack-linux-musleabi-cc -c -Os -static -fomit-frame-pointer -falign-functions=1 	-falign-labels=1 -falign-loops=1 -falign-jumps=1 -ffunction-sections -fdata-sections  conftest.c >&5
configure:6589: $? = 0
configure:6592: arm-rorschack-linux-musleabi-ar cru libconftest.a @conftest.lst >&5
configure:6595: $? = 0
configure:6600: arm-rorschack-linux-musleabi-ar cru libconftest.a @conftest.lst >&5
arm-rorschack-linux-musleabi-ar: conftest.o: No such file or directory
configure:6603: $? = 1
configure:6615: result: @
configure:6633: checking for arm-rorschack-linux-musleabi-strip
configure:6660: result: arm-rorschack-linux-musleabi-strip
configure:6732: checking for arm-rorschack-linux-musleabi-ranlib
configure:6748: found /home/rorschack/Toolchains/arm-musl/bin/arm-rorschack-linux-musleabi-ranlib
configure:6759: result: arm-rorschack-linux-musleabi-ranlib
configure:6901: checking command to parse /home/rorschack/Toolchains/arm-musl/bin/arm-rorschack-linux-musleabi-nm -B output from arm-rorschack-linux-musleabi-cc object
configure:7054: arm-rorschack-linux-musleabi-cc -c -Os -static -fomit-frame-pointer -falign-functions=1 	-falign-labels=1 -falign-loops=1 -falign-jumps=1 -ffunction-sections -fdata-sections  conftest.c >&5
configure:7057: $? = 0
configure:7061: /home/rorschack/Toolchains/arm-musl/bin/arm-rorschack-linux-musleabi-nm -B conftest.o \| sed -n -e 's/^.*[ ]\([ABCDGIRSTW][ABCDGIRSTW]*\)[ ][ ]*\([_A-Za-z][_A-Za-z0-9]*\)$/\1 \2 \2/p' | sed '/ __gnu_lto/d' \> conftest.nm

## ---------------- ##
## Cache variables. ##
## ---------------- ##

ac_cv_build=x86_64-unknown-linux-gnu
ac_cv_c_compiler_gnu=yes
ac_cv_env_CCASFLAGS_set=
ac_cv_env_CCASFLAGS_value=
ac_cv_env_CCAS_set=
ac_cv_env_CCAS_value=
ac_cv_env_CCC_set=
ac_cv_env_CCC_value=
ac_cv_env_CC_set=set
ac_cv_env_CC_value=arm-rorschack-linux-musleabi-cc
ac_cv_env_CFLAGS_set=set
ac_cv_env_CFLAGS_value='-Os -static -fomit-frame-pointer -falign-functions=1 	-falign-labels=1 -falign-loops=1 -falign-jumps=1 -ffunction-sections -fdata-sections'
ac_cv_env_CPPFLAGS_set=
ac_cv_env_CPPFLAGS_value=
ac_cv_env_CPP_set=
ac_cv_env_CPP_value=
ac_cv_env_CXXCPP_set=
ac_cv_env_CXXCPP_value=
ac_cv_env_CXXFLAGS_set=
ac_cv_env_CXXFLAGS_value=
ac_cv_env_CXX_set=
ac_cv_env_CXX_value=
ac_cv_env_LDFLAGS_set=
ac_cv_env_LDFLAGS_value=
ac_cv_env_LIBS_set=
ac_cv_env_LIBS_value=
ac_cv_env_LT_SYS_LIBRARY_PATH_set=
ac_cv_env_LT_SYS_LIBRARY_PATH_value=
ac_cv_env_build_alias_set=
ac_cv_env_build_alias_value=
ac_cv_env_host_alias_set=set
ac_cv_env_host_alias_value=arm-rorschack-linux-musleabi
ac_cv_env_target_alias_set=
ac_cv_env_target_alias_value=
ac_cv_host=arm-rorschack-linux-musleabi
ac_cv_objext=o
ac_cv_path_EGREP='/usr/bin/grep -E'
ac_cv_path_FGREP='/usr/bin/grep -F'
ac_cv_path_GREP=/usr/bin/grep
ac_cv_path_SED=/usr/bin/sed
ac_cv_path_install='/usr/bin/install -c'
ac_cv_path_mkdir=/usr/bin/mkdir
ac_cv_prog_AR=arm-rorschack-linux-musleabi-ar
ac_cv_prog_AWK=gawk
ac_cv_prog_CC=arm-rorschack-linux-musleabi-cc
ac_cv_prog_OBJDUMP=arm-rorschack-linux-musleabi-objdump
ac_cv_prog_RANLIB=arm-rorschack-linux-musleabi-ranlib
ac_cv_prog_STRIP=arm-rorschack-linux-musleabi-strip
ac_cv_prog_cc_c89=
ac_cv_prog_cc_g=yes
ac_cv_prog_make_make_set=yes
am_cv_CC_dependencies_compiler_type=gcc3
am_cv_make_support_nested_variables=yes
am_cv_prog_cc_c_o=yes
am_cv_prog_tar_ustar=gnutar
lt_cv_ar_at_file=@
lt_cv_deplibs_check_method=pass_all
lt_cv_file_magic_cmd='$MAGIC_CMD'
lt_cv_file_magic_test_file=
lt_cv_ld_reload_flag=-r
lt_cv_nm_interface='BSD nm'
lt_cv_path_LD=/home/rorschack/Toolchains/arm-musl/arm-rorschack-linux-musleabi/bin/ld
lt_cv_path_NM='/home/rorschack/Toolchains/arm-musl/bin/arm-rorschack-linux-musleabi-nm -B'
lt_cv_prog_gnu_ld=yes
lt_cv_sharedlib_from_linklib_cmd='printf %s\n'
lt_cv_sys_global_symbol_pipe='sed -n -e '\''s/^.*[	 ]\([ABCDGIRSTW][ABCDGIRSTW]*\)[	 ][	 ]*\([_A-Za-z][_A-Za-z0-9]*\)$/\1 \2 \2/p'\'' | sed '\''/ __gnu_lto/d'\'''
lt_cv_sys_global_symbol_to_c_name_address='sed -n -e '\''s/^: \(.*\) .*$/  {"\1", (void *) 0},/p'\'' -e '\''s/^[ABCDGIRSTW][ABCDGIRSTW]* .* \(.*\)$/  {"\1", (void *) \&\1},/p'\'''
lt_cv_sys_global_symbol_to_c_name_address_lib_prefix='sed -n -e '\''s/^: \(.*\) .*$/  {"\1", (void *) 0},/p'\'' -e '\''s/^[ABCDGIRSTW][ABCDGIRSTW]* .* \(lib.*\)$/  {"\1", (void *) \&\1},/p'\'' -e '\''s/^[ABCDGIRSTW][ABCDGIRSTW]* .* \(.*\)$/  {"lib\1", (void *) \&\1},/p'\'''
lt_cv_sys_global_symbol_to_cdecl='sed -n -e '\''s/^T .* \(.*\)$/extern int \1();/p'\'' -e '\''s/^[ABCDGIRSTW][ABCDGIRSTW]* .* \(.*\)$/extern char \1;/p'\'''
lt_cv_sys_global_symbol_to_import=
lt_cv_sys_max_cmd_len=1572864
lt_cv_to_host_file_cmd=func_convert_file_noop
lt_cv_to_tool_file_cmd=func_convert_file_noop

## ----------------- ##
## Output variables. ##
## ----------------- ##

ACLOCAL='${SHELL} /home/rorschack/Workspace/busybox-android/wolfssl/build-aux/missing aclocal-1.15'
AMDEPBACKSLASH='\'
AMDEP_FALSE='#'
AMDEP_TRUE=''
AMINCLUDE=''
AMTAR='$${TAR-tar}'
AM_BACKSLASH='\'
AM_CCASFLAGS=''
AM_CFLAGS=''
AM_CPPFLAGS=''
AM_DEFAULT_V='$(AM_DEFAULT_VERBOSITY)'
AM_DEFAULT_VERBOSITY='1'
AM_LDFLAGS=''
AM_V='$(V)'
AR='arm-rorschack-linux-musleabi-ar'
AUTOCONF='${SHELL} /home/rorschack/Workspace/busybox-android/wolfssl/build-aux/missing autoconf'
AUTOHEADER='${SHELL} /home/rorschack/Workspace/busybox-android/wolfssl/build-aux/missing autoheader'
AUTOMAKE='${SHELL} /home/rorschack/Workspace/busybox-android/wolfssl/build-aux/missing automake-1.15'
AWK='gawk'
BUILD_AESCCM_FALSE=''
BUILD_AESCCM_TRUE=''
BUILD_AESGCM_FALSE=''
BUILD_AESGCM_TRUE=''
BUILD_AESNI_FALSE=''
BUILD_AESNI_TRUE=''
BUILD_AES_FALSE=''
BUILD_AES_TRUE=''
BUILD_ARMASM_FALSE=''
BUILD_ARMASM_TRUE=''
BUILD_ASN_FALSE=''
BUILD_ASN_TRUE=''
BUILD_ASYNCCRYPT_FALSE=''
BUILD_ASYNCCRYPT_TRUE=''
BUILD_BLAKE2_FALSE=''
BUILD_BLAKE2_TRUE=''
BUILD_CAMELLIA_FALSE=''
BUILD_CAMELLIA_TRUE=''
BUILD_CAVIUM_FALSE=''
BUILD_CAVIUM_TRUE=''
BUILD_CHACHA_FALSE=''
BUILD_CHACHA_TRUE=''
BUILD_CMAC_FALSE=''
BUILD_CMAC_TRUE=''
BUILD_CODING_FALSE=''
BUILD_CODING_TRUE=''
BUILD_CRL_FALSE=''
BUILD_CRL_MONITOR_FALSE=''
BUILD_CRL_MONITOR_TRUE=''
BUILD_CRL_TRUE=''
BUILD_CRYPTONLY_FALSE=''
BUILD_CRYPTONLY_TRUE=''
BUILD_CURVE25519_FALSE=''
BUILD_CURVE25519_TRUE=''
BUILD_CURVED25519_SMALL_FALSE=''
BUILD_CURVED25519_SMALL_TRUE=''
BUILD_DES3_FALSE=''
BUILD_DES3_TRUE=''
BUILD_DH_FALSE=''
BUILD_DH_TRUE=''
BUILD_DISTRO_FALSE=''
BUILD_DISTRO_TRUE=''
BUILD_DSA_FALSE=''
BUILD_DSA_TRUE=''
BUILD_ECC_FALSE=''
BUILD_ECC_TRUE=''
BUILD_ED25519_FALSE=''
BUILD_ED25519_TRUE=''
BUILD_EXAMPLE_CLIENTS_FALSE=''
BUILD_EXAMPLE_CLIENTS_TRUE=''
BUILD_EXAMPLE_SERVERS_FALSE=''
BUILD_EXAMPLE_SERVERS_TRUE=''
BUILD_FASTMATH_FALSE=''
BUILD_FASTMATH_TRUE=''
BUILD_FAST_RSA_FALSE=''
BUILD_FAST_RSA_TRUE=''
BUILD_FEMATH_FALSE=''
BUILD_FEMATH_TRUE=''
BUILD_FIPS_FALSE=''
BUILD_FIPS_TRUE=''
BUILD_GEMATH_FALSE=''
BUILD_GEMATH_TRUE=''
BUILD_HC128_FALSE=''
BUILD_HC128_TRUE=''
BUILD_IDEA_FALSE=''
BUILD_IDEA_TRUE=''
BUILD_INLINE_FALSE=''
BUILD_INLINE_TRUE=''
BUILD_IPV6_FALSE=''
BUILD_IPV6_TRUE=''
BUILD_LEANPSK_FALSE=''
BUILD_LEANPSK_TRUE=''
BUILD_LEANTLS_FALSE=''
BUILD_LEANTLS_TRUE=''
BUILD_LIBZ_FALSE=''
BUILD_LIBZ_TRUE=''
BUILD_MCAPI_FALSE=''
BUILD_MCAPI_TRUE=''
BUILD_MD2_FALSE=''
BUILD_MD2_TRUE=''
BUILD_MD4_FALSE=''
BUILD_MD4_TRUE=''
BUILD_MD5_FALSE=''
BUILD_MD5_TRUE=''
BUILD_MEMORY_FALSE=''
BUILD_MEMORY_TRUE=''
BUILD_NTRU_FALSE=''
BUILD_NTRU_TRUE=''
BUILD_OCSP_FALSE=''
BUILD_OCSP_STAPLING_FALSE=''
BUILD_OCSP_STAPLING_TRUE=''
BUILD_OCSP_STAPLING_V2_FALSE=''
BUILD_OCSP_STAPLING_V2_TRUE=''
BUILD_OCSP_TRUE=''
BUILD_PKCALLBACKS_FALSE=''
BUILD_PKCALLBACKS_TRUE=''
BUILD_PKCS7_FALSE=''
BUILD_PKCS7_TRUE=''
BUILD_POLY1305_FALSE=''
BUILD_POLY1305_TRUE=''
BUILD_PSK_FALSE=''
BUILD_PSK_TRUE=''
BUILD_PWDBASED_FALSE=''
BUILD_PWDBASED_TRUE=''
BUILD_RABBIT_FALSE=''
BUILD_RABBIT_TRUE=''
BUILD_RC4_FALSE=''
BUILD_RC4_TRUE=''
BUILD_RIPEMD_FALSE=''
BUILD_RIPEMD_TRUE=''
BUILD_RNG_FALSE=''
BUILD_RNG_TRUE=''
BUILD_RSA_FALSE=''
BUILD_RSA_TRUE=''
BUILD_SCRYPT_FALSE=''
BUILD_SCRYPT_TRUE=''
BUILD_SCTP_FALSE=''
BUILD_SCTP_TRUE=''
BUILD_SHA224_FALSE=''
BUILD_SHA224_TRUE=''
BUILD_SHA512_FALSE=''
BUILD_SHA512_TRUE=''
BUILD_SHA_FALSE=''
BUILD_SHA_TRUE=''
BUILD_SLOWMATH_FALSE=''
BUILD_SLOWMATH_TRUE=''
BUILD_SNIFFER_FALSE=''
BUILD_SNIFFER_TRUE=''
BUILD_SNIFFTEST_FALSE=''
BUILD_SNIFFTEST_TRUE=''
BUILD_SRP_FALSE=''
BUILD_SRP_TRUE=''
BUILD_TESTS_FALSE=''
BUILD_TESTS_TRUE=''
BUILD_TRUST_PEER_CERT_FALSE=''
BUILD_TRUST_PEER_CERT_TRUE=''
BUILD_USER_CRYPTO_FALSE=''
BUILD_USER_CRYPTO_TRUE=''
BUILD_USER_RSA_FALSE=''
BUILD_USER_RSA_TRUE=''
BUILD_WNR_FALSE=''
BUILD_WNR_TRUE=''
BUILD_WOLFCRYPT_TESTS_FALSE=''
BUILD_WOLFCRYPT_TESTS_TRUE=''
BUILD_WOLFEVENT_FALSE=''
BUILD_WOLFEVENT_TRUE=''
CC='arm-rorschack-linux-musleabi-cc'
CCAS=''
CCASDEPMODE=''
CCASFLAGS=''
CCDEPMODE='depmode=gcc3'
CFLAGS='-Os -static -fomit-frame-pointer -falign-functions=1 	-falign-labels=1 -falign-loops=1 -falign-jumps=1 -ffunction-sections -fdata-sections'
CFLAG_VISIBILITY=''
CPP=''
CPPFLAGS=''
CXX=''
CXXCPP=''
CXXDEPMODE=''
CXXFLAGS=''
CYGPATH_W='echo'
DEBUG_FALSE=''
DEBUG_TRUE=''
DEFS=''
DEPDIR='.deps'
DLLTOOL='false'
DSYMUTIL=''
DUMPBIN=''
ECHO_C=''
ECHO_N='-n'
ECHO_T=''
EGREP='/usr/bin/grep -E'
EXEEXT=''
FGREP='/usr/bin/grep -F'
GENERIC_CONFIG=''
GREP='/usr/bin/grep'
HAVE_OPENSSL_CMD=''
HAVE_VALGRIND=''
HAVE_VISIBILITY=''
HEX_VERSION=''
INC_AMINCLUDE=''
INSTALL_DATA='${INSTALL} -m 644'
INSTALL_PROGRAM='${INSTALL}'
INSTALL_SCRIPT='${INSTALL}'
INSTALL_STRIP_PROGRAM='$(install_sh) -c -s'
IPPHEADERS=''
IPPLIBS=''
IPPLINK=''
IS_VCS_CHECKOUT_FALSE=''
IS_VCS_CHECKOUT_TRUE=''
LD='/home/rorschack/Toolchains/arm-musl/arm-rorschack-linux-musleabi/bin/ld'
LDFLAGS=''
LIBM=''
LIBOBJS=''
LIBS=''
LIBTOOL=''
LIB_ADD=''
LIB_STATIC_ADD=''
LIPO=''
LN_S='ln -s'
LTLIBOBJS=''
LT_SYS_LIBRARY_PATH=''
MAKEINFO='${SHELL} /home/rorschack/Workspace/busybox-android/wolfssl/build-aux/missing makeinfo'
MANIFEST_TOOL=''
MCHECK=''
MKDIR_P='/usr/bin/mkdir -p'
NM='/home/rorschack/Toolchains/arm-musl/bin/arm-rorschack-linux-musleabi-nm -B'
NMEDIT=''
OBJDUMP='arm-rorschack-linux-musleabi-objdump'
OBJEXT='o'
OTOOL64=''
OTOOL=''
PACKAGE='wolfssl'
PACKAGE_BUGREPORT='https://github.com/wolfssl/wolfssl/issues'
PACKAGE_NAME='wolfssl'
PACKAGE_STRING='wolfssl 3.10.0'
PACKAGE_TARNAME='wolfssl'
PACKAGE_URL='http://www.wolfssl.com'
PACKAGE_VERSION='3.10.0'
PATH_SEPARATOR=':'
PTHREAD_CC=''
PTHREAD_CFLAGS=''
PTHREAD_LIBS=''
RANLIB='arm-rorschack-linux-musleabi-ranlib'
SED='/usr/bin/sed'
SET_MAKE=''
SHELL='/bin/sh'
STRIP='arm-rorschack-linux-musleabi-strip'
USE_VALGRIND_FALSE=''
USE_VALGRIND_TRUE=''
VERSION='3.10.0'
WOLFSSL_LIBRARY_VERSION='9:0:6'
ac_ct_AR=''
ac_ct_CC=''
ac_ct_CXX=''
ac_ct_DUMPBIN=''
am__EXEEXT_FALSE=''
am__EXEEXT_TRUE=''
am__fastdepCCAS_FALSE=''
am__fastdepCCAS_TRUE=''
am__fastdepCC_FALSE='#'
am__fastdepCC_TRUE=''
am__fastdepCXX_FALSE=''
am__fastdepCXX_TRUE=''
am__include='include'
am__isrc=''
am__leading_dot='.'
am__nodep='_no'
am__quote=''
am__tar='tar --format=ustar -chf - "$$tardir"'
am__untar='tar -xf -'
ax_pthread_config=''
bindir='${exec_prefix}/bin'
build='x86_64-unknown-linux-gnu'
build_alias=''
build_cpu='x86_64'
build_os='linux-gnu'
build_vendor='unknown'
datadir='${datarootdir}'
datarootdir='${prefix}/share'
docdir='${datarootdir}/doc/${PACKAGE_TARNAME}'
dvidir='${docdir}'
exec_prefix='NONE'
host='arm-rorschack-linux-musleabi'
host_alias='arm-rorschack-linux-musleabi'
host_cpu='arm'
host_os='linux-musleabi'
host_vendor='rorschack'
htmldir='${docdir}'
includedir='${prefix}/include'
infodir='${datarootdir}/info'
install_sh='${SHELL} /home/rorschack/Workspace/busybox-android/wolfssl/build-aux/install-sh'
libdir='${exec_prefix}/lib'
libexecdir='${exec_prefix}/libexec'
localedir='${datarootdir}/locale'
localstatedir='${prefix}/var'
mandir='${datarootdir}/man'
mkdir_p='$(MKDIR_P)'
oldincludedir='/usr/include'
pdfdir='${docdir}'
prefix='NONE'
program_transform_name='s,x,x,'
psdir='${docdir}'
sbindir='${exec_prefix}/sbin'
sharedstatedir='${prefix}/com'
sysconfdir='${prefix}/etc'
target_alias=''

## ----------- ##
## confdefs.h. ##
## ----------- ##

/* confdefs.h */
#define PACKAGE_NAME "wolfssl"
#define PACKAGE_TARNAME "wolfssl"
#define PACKAGE_VERSION "3.10.0"
#define PACKAGE_STRING "wolfssl 3.10.0"
#define PACKAGE_BUGREPORT "https://github.com/wolfssl/wolfssl/issues"
#define PACKAGE_URL "http://www.wolfssl.com"

configure: caught signal 2
configure: exit 1
